Watching for file changes with StatReloader
Not Found: /
"GET / HTTP/1.1" 404 2169
Not Found: /favicon.ico
"GET /favicon.ico HTTP/1.1" 404 2220
D:\py hw\DJANGGGGO\myproject\myapp\views.py changed, reloading.
Watching for file changes with StatReloader
D:\py hw\DJANGGGGO\myproject\myapp\views.py changed, reloading.
Watching for file changes with StatReloader
D:\py hw\DJANGGGGO\myproject\myapp\views.py changed, reloading.
Watching for file changes with StatReloader
D:\py hw\DJANGGGGO\myproject\myapp\views.py changed, reloading.
Watching for file changes with StatReloader
D:\py hw\DJANGGGGO\myproject\myapp\views.py changed, reloading.
Watching for file changes with StatReloader
D:\py hw\DJANGGGGO\myproject\myapp\views.py changed, reloading.
Watching for file changes with StatReloader
D:\py hw\DJANGGGGO\myproject\myapp\views.py changed, reloading.
Watching for file changes with StatReloader
D:\py hw\DJANGGGGO\myproject\myapp\views.py changed, reloading.
Watching for file changes with StatReloader
D:\py hw\DJANGGGGO\myproject\myapp\views.py changed, reloading.
Watching for file changes with StatReloader
D:\py hw\DJANGGGGO\myproject\myapp\views.py changed, reloading.
Watching for file changes with StatReloader
D:\py hw\DJANGGGGO\myproject\myapp\views.py changed, reloading.
Watching for file changes with StatReloader
D:\py hw\DJANGGGGO\myproject\myapp\views.py changed, reloading.
Watching for file changes with StatReloader
D:\py hw\DJANGGGGO\myproject\myapp\views.py changed, reloading.
Watching for file changes with StatReloader
D:\py hw\DJANGGGGO\myproject\myapp\views.py changed, reloading.
Watching for file changes with StatReloader
D:\py hw\DJANGGGGO\myproject\myapp\views.py changed, reloading.
Watching for file changes with StatReloader
D:\py hw\DJANGGGGO\myproject\myapp\views.py changed, reloading.
Watching for file changes with StatReloader
D:\py hw\DJANGGGGO\myproject\myapp\views.py changed, reloading.
Watching for file changes with StatReloader
D:\py hw\DJANGGGGO\myproject\myapp\views.py changed, reloading.
Watching for file changes with StatReloader
D:\py hw\DJANGGGGO\myproject\myapp\views.py changed, reloading.
Watching for file changes with StatReloader
D:\py hw\DJANGGGGO\myproject\myapp\views.py changed, reloading.
Watching for file changes with StatReloader
D:\py hw\DJANGGGGO\myproject\myapp\views.py changed, reloading.
Watching for file changes with StatReloader
D:\py hw\DJANGGGGO\myproject\myapp\views.py changed, reloading.
Watching for file changes with StatReloader
D:\py hw\DJANGGGGO\myproject\myapp\views.py changed, reloading.
Watching for file changes with StatReloader
D:\py hw\DJANGGGGO\myproject\myapp\views.py changed, reloading.
Watching for file changes with StatReloader
D:\py hw\DJANGGGGO\myproject\myapp\views.py changed, reloading.
Watching for file changes with StatReloader
Watching for file changes with StatReloader
D:\py hw\DJANGGGGO\myproject\myproject\settings.py changed, reloading.
Watching for file changes with StatReloader
D:\py hw\DJANGGGGO\myproject\myproject\settings.py changed, reloading.
Watching for file changes with StatReloader
Watching for file changes with StatReloader
Watching for file changes with StatReloader
D:\py hw\DJANGGGGO\myproject\myapp3\urls.py changed, reloading.
Watching for file changes with StatReloader
Watching for file changes with StatReloader
Watching for file changes with StatReloader
D:\py hw\DJANGGGGO\myproject\myapp3\views.py changed, reloading.
Watching for file changes with StatReloader
D:\py hw\DJANGGGGO\myproject\myapp3\views.py changed, reloading.
Watching for file changes with StatReloader
Watching for file changes with StatReloader
D:\py hw\DJANGGGGO\myproject\myproject\settings.py changed, reloading.
Watching for file changes with StatReloader
Watching for file changes with StatReloader
Watching for file changes with StatReloader
Not Found: /
"GET / HTTP/1.1" 404 2169
Not Found: /favicon.ico
"GET /favicon.ico HTTP/1.1" 404 2220
"GET /admin HTTP/1.1" 301 0
"GET /admin/ HTTP/1.1" 302 0
"GET /admin/login/?next=/admin/ HTTP/1.1" 200 4158
"GET /static/admin/css/dark_mode.css HTTP/1.1" 200 2682
"GET /static/admin/js/nav_sidebar.js HTTP/1.1" 200 3063
"GET /static/admin/css/base.css HTTP/1.1" 200 21544
"GET /static/admin/css/login.css HTTP/1.1" 200 958
"GET /static/admin/css/nav_sidebar.css HTTP/1.1" 200 2810
"GET /static/admin/js/theme.js HTTP/1.1" 200 1943
"GET /static/admin/css/responsive.css HTTP/1.1" 200 17905
D:\py hw\DJANGGGGO\myproject\myproject\settings.py changed, reloading.
Watching for file changes with StatReloader
Watching for file changes with StatReloader
"GET /admin/login/?next=/admin/ HTTP/1.1" 200 4359
"POST /admin/login/?next=/admin/ HTTP/1.1" 302 0
"GET /admin/ HTTP/1.1" 200 5945
"GET /static/admin/css/dashboard.css HTTP/1.1" 200 441
"GET /static/admin/img/icon-addlink.svg HTTP/1.1" 200 331
"GET /static/admin/img/icon-changelink.svg HTTP/1.1" 200 380
"GET /admin/auth/user/ HTTP/1.1" 200 11916
"GET /static/admin/js/jquery.init.js HTTP/1.1" 200 347
"GET /static/admin/css/changelists.css HTTP/1.1" 200 6811
"GET /static/admin/js/core.js HTTP/1.1" 200 6208
"GET /static/admin/js/admin/RelatedObjectLookups.js HTTP/1.1" 200 9042
"GET /static/admin/js/actions.js HTTP/1.1" 200 8067
"GET /static/admin/js/prepopulate.js HTTP/1.1" 200 1531
"GET /static/admin/js/urlify.js HTTP/1.1" 200 7887
"GET /admin/jsi18n/ HTTP/1.1" 200 17546
"GET /static/admin/img/icon-yes.svg HTTP/1.1" 200 436
"GET /static/admin/img/search.svg HTTP/1.1" 200 458
"GET /static/admin/js/vendor/jquery/jquery.js HTTP/1.1" 200 285314
"GET /static/admin/js/vendor/xregexp/xregexp.js HTTP/1.1" 200 325171
"GET /static/admin/js/filters.js HTTP/1.1" 200 978
"GET /static/admin/img/tooltag-add.svg HTTP/1.1" 200 331
"GET /static/admin/img/icon-viewlink.svg HTTP/1.1" 200 581
"GET /static/admin/img/sorting-icons.svg HTTP/1.1" 200 1097
"GET /admin/auth/user/add/ HTTP/1.1" 200 11239
"GET /static/admin/js/prepopulate_init.js HTTP/1.1" 200 586
"GET /static/admin/css/forms.css HTTP/1.1" 200 9090
"GET /admin/jsi18n/ HTTP/1.1" 200 17546
"GET /static/admin/js/change_form.js HTTP/1.1" 200 606
"GET /static/admin/css/widgets.css HTTP/1.1" 200 11800
"POST /admin/auth/user/add/ HTTP/1.1" 200 11747
"GET /admin/jsi18n/ HTTP/1.1" 200 17546
"POST /admin/auth/user/add/ HTTP/1.1" 200 11512
"GET /admin/jsi18n/ HTTP/1.1" 200 17546
"POST /admin/auth/user/add/ HTTP/1.1" 302 0
"GET /admin/auth/user/2/change/ HTTP/1.1" 200 24235
"GET /static/admin/js/calendar.js HTTP/1.1" 200 9141
"GET /static/admin/js/SelectBox.js HTTP/1.1" 200 4530
"GET /static/admin/js/SelectFilter2.js HTTP/1.1" 200 15492
"GET /static/admin/js/admin/DateTimeShortcuts.js HTTP/1.1" 200 19319
"GET /admin/jsi18n/ HTTP/1.1" 200 17546
"GET /static/admin/img/icon-unknown.svg HTTP/1.1" 200 655
"GET /static/admin/img/icon-calendar.svg HTTP/1.1" 200 1086
"GET /static/admin/img/icon-clock.svg HTTP/1.1" 200 677
"GET /static/admin/img/icon-unknown-alt.svg HTTP/1.1" 200 655
"GET /static/admin/img/selector-icons.svg HTTP/1.1" 200 3291
Watching for file changes with StatReloader
Not Found: /
"GET / HTTP/1.1" 404 2169
Not Found: /favicon.ico
"GET /favicon.ico HTTP/1.1" 404 2220
Not Found: /
"GET / HTTP/1.1" 404 2169
"GET /admin HTTP/1.1" 301 0
"GET /admin/ HTTP/1.1" 302 0
"GET /admin/login/?next=/admin/ HTTP/1.1" 200 4359
"GET /static/admin/css/base.css HTTP/1.1" 200 21544
"GET /static/admin/css/dark_mode.css HTTP/1.1" 200 2682
"GET /static/admin/css/login.css HTTP/1.1" 200 958
"GET /static/admin/css/nav_sidebar.css HTTP/1.1" 200 2810
"GET /static/admin/css/responsive.css HTTP/1.1" 200 17905
"GET /static/admin/js/theme.js HTTP/1.1" 200 1943
"GET /static/admin/js/nav_sidebar.js HTTP/1.1" 200 3063
Not Found: /about
"GET /about HTTP/1.1" 404 2202
"GET /prefix HTTP/1.1" 301 0
"GET /prefix/ HTTP/1.1" 200 11
Watching for file changes with StatReloader
